Audit record with before and after
Audit record with before and after
Audit record with before and after
Audit record with before and after
Audit record with before and after
Audit record with before and after
INFO:audit.example.SomeClass:Audit record with before and after
INFO:audit.example.SomeClass:Audit record with before and after
INFO:audit.example.SomeClass:Audit record with before and after
INFO:audit.example.SomeClass:Audit record with before and after
INFO:audit.example.SomeClass:Audit record with before and after
INFO:audit.example.SomeClass:Audit record with before and after
INFO:audit.example.SomeClass:Audit record with before and after
INFO:audit.example.SomeClass:Audit record with before and after
INFO:audit.example.SomeClass:Audit record with before and after
INFO:audit.example.SomeClass:Audit record with before and after
INFO:audit.example.SomeClass:Audit record with before and after
INFO:audit.example.SomeClass:Audit record with before and after
INFO:audit.example.SomeClass:Audit record with before and after
INFO:audit.example.SomeClass:Audit record with before and after
INFO:audit.example.SomeClass:Audit record with before and after
INFO:audit.example.SomeClass:Audit record with before and after
INFO:audit.example.SomeClass:Audit record with before and after
INFO:audit.example.SomeClass:Audit record with before and after
INFO:audit.example.SomeClass:Audit record with before and after
INFO:audit.example.SomeClass:Audit record with before and after
INFO:audit.example.SomeClass:Audit record with before and after
INFO:audit.example.SomeClass:Audit record with before and after
INFO:audit.example.SomeClass:Audit record with before and after
INFO:audit.example.SomeClass:Audit record with before and after
INFO:audit.example.SomeClass:Audit record with before and after
INFO:audit.example.SomeClass:Audit record with before and after
INFO:audit.example.SomeClass:Audit record with before and after
INFO:audit.example.SomeClass:Audit record with before and after
INFO:audit.example.SomeClass:Audit record with before and after
INFO:audit.Table:Bet One Amount 1
INFO:audit.Table:Bet Two Amount 2
INFO:audit.example.SomeClass:Audit record with before and after
INFO:audit.Table:Bet One Amount 1
INFO:audit.Table:Bet Two Amount 2
INFO:audit.example.SomeClass:Audit record with before and after
INFO:audit.example.SomeClass:Audit record with before and after
INFO:audit.Table:2013-12-29 10:20:48:Bet One Amount 1
INFO:audit.Table:2013-12-29 10:20:48:Bet Two Amount 2
INFO:audit.example.SomeClass:Audit record with before and after
INFO:audit.Table:2013-12-29 10:24:57:Bet One Amount 1
INFO:audit.Table:2013-12-29 10:24:57:Bet Two Amount 2
INFO:audit.example.SomeClass:Audit record with before and after
INFO:audit.Table:2013-12-29 12:41:34:Bet One Amount 1
INFO:audit.Table:2013-12-29 12:41:34:Bet Two Amount 2
INFO:audit.example.SomeClass:Audit record with before and after
INFO:audit.Table:2013-12-29 12:41:54:Bet One Amount 1
INFO:audit.Table:2013-12-29 12:41:54:Bet Two Amount 2
INFO:audit.example.SomeClass:Audit record with before and after
INFO:audit.Table:2013-12-29 12:42:33:Bet One Amount 1
INFO:audit.Table:2013-12-29 12:42:33:Bet Two Amount 2
INFO:audit.example.SomeClass:Audit record with before and after
INFO:audit.Table:2013-12-29 12:42:41:Bet One Amount 1
INFO:audit.Table:2013-12-29 12:42:41:Bet Two Amount 2
INFO:audit.example.SomeClass:Audit record with before and after
INFO:audit.Table:2013-12-29 12:43:37:Bet One Amount 1
INFO:audit.Table:2013-12-29 12:43:37:Bet Two Amount 2
INFO:audit.example.SomeClass:Audit record with before and after
INFO:audit.Table:2013-12-29 12:45:02:Bet One Amount 1
INFO:audit.Table:2013-12-29 12:45:02:Bet Two Amount 2
INFO:audit.example.SomeClass:Audit record with before and after
INFO:audit.Table:2013-12-29 12:45:26:Bet One Amount 1
INFO:audit.Table:2013-12-29 12:45:26:Bet Two Amount 2
INFO:audit.example.SomeClass:Audit record with before and after
INFO:audit.Table:2013-12-29 12:45:35:Bet One Amount 1
INFO:audit.Table:2013-12-29 12:45:35:Bet Two Amount 2
INFO:audit.example.SomeClass:Audit record with before and after
INFO:audit.Table:2013-12-29 12:45:56:Bet One Amount 1
INFO:audit.Table:2013-12-29 12:45:56:Bet Two Amount 2
INFO:audit.example.SomeClass:Audit record with before and after
INFO:audit.Table:2013-12-29 13:55:05:Bet One Amount 1
INFO:audit.Table:2013-12-29 13:55:05:Bet Two Amount 2
INFO:audit.example.SomeClass:Audit record with before and after
INFO:audit.Table:2013-12-29 13:55:14:Bet One Amount 1
INFO:audit.Table:2013-12-29 13:55:14:Bet Two Amount 2
INFO:audit.example.SomeClass:Audit record with before and after
INFO:audit.Table:2013-12-29 13:56:08:Bet One Amount 1
INFO:audit.Table:2013-12-29 13:56:08:Bet Two Amount 2
INFO:audit.example.SomeClass:Audit record with before and after
INFO:audit.Table:2013-12-29 19:56:10:Bet One Amount 1
INFO:audit.Table:2013-12-29 19:56:10:Bet Two Amount 2
INFO:audit.example.SomeClass:Audit record with before and after
INFO:audit.Table:2013-12-29 19:57:11:Bet One Amount 1
INFO:audit.Table:2013-12-29 19:57:11:Bet Two Amount 2
INFO:audit.example.SomeClass:Audit record with before and after
INFO:audit.Table:2013-12-30 07:56:44:Bet One Amount 1
INFO:audit.Table:2013-12-30 07:56:44:Bet Two Amount 2
INFO:audit.example.SomeClass:Audit record with before and after
INFO:audit.Table:2013-12-30 07:57:27:Bet One Amount 1
INFO:audit.Table:2013-12-30 07:57:27:Bet Two Amount 2
INFO:audit.example.SomeClass:Audit record with before and after
INFO:audit.Table:2013-12-30 07:57:43:Bet One Amount 1
INFO:audit.Table:2013-12-30 07:57:43:Bet Two Amount 2
INFO:audit.example.SomeClass:Audit record with before and after
INFO:audit.Table:2013-12-30 07:59:29:Bet One Amount 1
INFO:audit.Table:2013-12-30 07:59:29:Bet Two Amount 2
INFO:audit.example.SomeClass:Audit record with before and after
INFO:audit.Table:2013-12-30 08:03:06:Bet One Amount 1
INFO:audit.Table:2013-12-30 08:03:06:Bet Two Amount 2
INFO:audit.example.SomeClass:Audit record with before and after
INFO:audit.Table:2013-12-30 08:03:49:Bet One Amount 1
INFO:audit.Table:2013-12-30 08:03:49:Bet Two Amount 2
INFO:audit.example.SomeClass:Audit record with before and after
INFO:audit.Table:2013-12-30 08:06:49:Bet One Amount 1
INFO:audit.Table:2013-12-30 08:06:49:Bet Two Amount 2
INFO:audit.example.SomeClass:Audit record with before and after
INFO:audit.Table:2013-12-30 08:07:29:Bet One Amount 1
INFO:audit.Table:2013-12-30 08:07:29:Bet Two Amount 2
INFO:audit.example.SomeClass:Audit record with before and after
INFO:audit.Table:2013-12-30 08:08:25:Bet One Amount 1
INFO:audit.Table:2013-12-30 08:08:25:Bet Two Amount 2
INFO:audit.example.SomeClass:Audit record with before and after
INFO:audit.Table:2013-12-30 08:09:33:Bet One Amount 1
INFO:audit.Table:2013-12-30 08:09:33:Bet Two Amount 2
INFO:audit.example.SomeClass:Audit record with before and after
INFO:audit.Table:2013-12-30 08:10:13:Bet One Amount 1
INFO:audit.Table:2013-12-30 08:10:13:Bet Two Amount 2
INFO:audit.example.SomeClass:Audit record with before and after
INFO:audit.Table:2013-12-30 08:15:59:Bet One Amount 1
INFO:audit.Table:2013-12-30 08:15:59:Bet Two Amount 2
INFO:audit.example.SomeClass:Audit record with before and after
INFO:audit.Table:2013-12-30 08:16:06:Bet One Amount 1
INFO:audit.Table:2013-12-30 08:16:06:Bet Two Amount 2
INFO:audit.example.SomeClass:Audit record with before and after
INFO:audit.Table:2013-12-30 08:16:15:Bet One Amount 1
INFO:audit.Table:2013-12-30 08:16:15:Bet Two Amount 2
INFO:audit.example.SomeClass:Audit record with before and after
INFO:audit.Table:2013-12-30 08:16:37:Bet One Amount 1
INFO:audit.Table:2013-12-30 08:16:37:Bet Two Amount 2
INFO:audit.example.SomeClass:Audit record with before and after
INFO:audit.Table:2013-12-30 08:17:07:Bet One Amount 1
INFO:audit.Table:2013-12-30 08:17:07:Bet Two Amount 2
INFO:audit.example.SomeClass:Audit record with before and after
INFO:audit.Table:2013-12-30 08:17:27:Bet One Amount 1
INFO:audit.Table:2013-12-30 08:17:27:Bet Two Amount 2
INFO:audit.example.SomeClass:Audit record with before and after
INFO:audit.Table:2013-12-30 08:18:44:Bet One Amount 1
INFO:audit.Table:2013-12-30 08:18:44:Bet Two Amount 2
INFO:audit.example.SomeClass:Audit record with before and after
INFO:audit.Table:2013-12-30 08:21:31:Bet One Amount 1
INFO:audit.Table:2013-12-30 08:21:31:Bet Two Amount 2
INFO:audit.example.SomeClass:Audit record with before and after
INFO:audit.Table:2013-12-30 08:21:54:Bet One Amount 1
INFO:audit.Table:2013-12-30 08:21:54:Bet Two Amount 2
INFO:audit.example.SomeClass:Audit record with before and after
INFO:audit.Table:2013-12-30 08:27:30:Bet One Amount 1
INFO:audit.Table:2013-12-30 08:27:30:Bet Two Amount 2
INFO:audit.example.SomeClass:Audit record with before and after
INFO:audit.Table:2013-12-30 08:51:27:Bet One Amount 1
INFO:audit.Table:2013-12-30 08:51:27:Bet Two Amount 2
INFO:audit.example.SomeClass:Audit record with before and after
INFO:audit.Table:2013-12-30 08:53:33:Bet One Amount 1
INFO:audit.Table:2013-12-30 08:53:33:Bet Two Amount 2
INFO:audit.example.SomeClass:Audit record with before and after
INFO:audit.Table:2013-12-30 08:53:50:Bet One Amount 1
INFO:audit.Table:2013-12-30 08:53:50:Bet Two Amount 2
INFO:audit.example.SomeClass:Audit record with before and after
INFO:audit.Table:2013-12-30 08:53:59:Bet One Amount 1
INFO:audit.Table:2013-12-30 08:53:59:Bet Two Amount 2
INFO:audit.example.SomeClass:Audit record with before and after
INFO:audit.Table:2013-12-30 08:54:24:Bet One Amount 1
INFO:audit.Table:2013-12-30 08:54:24:Bet Two Amount 2
INFO:audit.example.SomeClass:Audit record with before and after
INFO:audit.Table:2013-12-30 08:57:17:Bet One Amount 1
INFO:audit.Table:2013-12-30 08:57:17:Bet Two Amount 2
INFO:audit.example.SomeClass:Audit record with before and after
INFO:audit.Table:2013-12-30 08:57:39:Bet One Amount 1
INFO:audit.Table:2013-12-30 08:57:39:Bet Two Amount 2
INFO:audit.example.SomeClass:Audit record with before and after
INFO:audit.Table:2013-12-30 08:57:47:Bet One Amount 1
INFO:audit.Table:2013-12-30 08:57:47:Bet Two Amount 2
INFO:audit.example.SomeClass:Audit record with before and after
INFO:audit.Table:2013-12-30 08:57:59:Bet One Amount 1
INFO:audit.Table:2013-12-30 08:57:59:Bet Two Amount 2
INFO:audit.example.SomeClass:Audit record with before and after
INFO:audit.Table:2013-12-30 08:58:32:Bet One Amount 1
INFO:audit.Table:2013-12-30 08:58:32:Bet Two Amount 2
INFO:audit.example.SomeClass:Audit record with before and after
INFO:audit.Table:2013-12-30 08:58:38:Bet One Amount 1
INFO:audit.Table:2013-12-30 08:58:38:Bet Two Amount 2
INFO:audit.example.SomeClass:Audit record with before and after
INFO:audit.Table:2013-12-30 09:00:25:Bet One Amount 1
INFO:audit.Table:2013-12-30 09:00:25:Bet Two Amount 2
INFO:audit.example.SomeClass:Audit record with before and after
INFO:audit.Table:2013-12-31 08:14:51:Bet One Amount 1
INFO:audit.Table:2013-12-31 08:14:51:Bet Two Amount 2
INFO:audit.example.SomeClass:Audit record with before and after
INFO:audit.Table:2013-12-31 08:15:06:Bet One Amount 1
INFO:audit.Table:2013-12-31 08:15:06:Bet Two Amount 2
INFO:audit.example.SomeClass:Audit record with before and after
INFO:audit.Table:2013-12-31 08:21:29:Bet One Amount 1
INFO:audit.Table:2013-12-31 08:21:29:Bet Two Amount 2
INFO:audit.example.SomeClass:Audit record with before and after
INFO:audit.Table:2013-12-31 08:24:21:Bet One Amount 1
INFO:audit.Table:2013-12-31 08:24:21:Bet Two Amount 2
INFO:audit.example.SomeClass:Audit record with before and after
INFO:audit.Table:2013-12-31 08:24:29:Bet One Amount 1
INFO:audit.Table:2013-12-31 08:24:29:Bet Two Amount 2
INFO:audit.example.SomeClass:Audit record with before and after
INFO:audit.Table:2013-12-31 08:24:43:Bet One Amount 1
INFO:audit.Table:2013-12-31 08:24:43:Bet Two Amount 2
INFO:audit.example.SomeClass:Audit record with before and after
INFO:audit.Table:2013-12-31 08:25:16:Bet One Amount 1
INFO:audit.Table:2013-12-31 08:25:16:Bet Two Amount 2
INFO:audit.example.SomeClass:Audit record with before and after
INFO:audit.Table:2013-12-31 08:25:45:Bet One Amount 1
INFO:audit.Table:2013-12-31 08:25:45:Bet Two Amount 2
INFO:audit.example.SomeClass:Audit record with before and after
INFO:audit.Table:2013-12-31 08:43:20:Bet One Amount 1
INFO:audit.Table:2013-12-31 08:43:20:Bet Two Amount 2
INFO:audit.example.SomeClass:Audit record with before and after
INFO:audit.Table:2013-12-31 08:43:35:Bet One Amount 1
INFO:audit.Table:2013-12-31 08:43:35:Bet Two Amount 2
INFO:audit.example.SomeClass:Audit record with before and after
INFO:audit.Table:2013-12-31 08:43:54:Bet One Amount 1
INFO:audit.Table:2013-12-31 08:43:54:Bet Two Amount 2
INFO:audit.example.SomeClass:Audit record with before and after
INFO:audit.Table:2013-12-31 08:49:50:Bet One Amount 1
INFO:audit.Table:2013-12-31 08:49:50:Bet Two Amount 2
INFO:audit.example.SomeClass:Audit record with before and after
INFO:audit.Table:2013-12-31 08:50:00:Bet One Amount 1
INFO:audit.Table:2013-12-31 08:50:00:Bet Two Amount 2
INFO:audit.example.SomeClass:Audit record with before and after
INFO:audit.Table:2013-12-31 08:50:16:Bet One Amount 1
INFO:audit.Table:2013-12-31 08:50:16:Bet Two Amount 2
INFO:audit.example.SomeClass:Audit record with before and after
INFO:audit.Table:2013-12-31 08:50:31:Bet One Amount 1
INFO:audit.Table:2013-12-31 08:50:31:Bet Two Amount 2
INFO:audit.example.SomeClass:Audit record with before and after
INFO:audit.Table:2013-12-31 08:51:08:Bet One Amount 1
INFO:audit.Table:2013-12-31 08:51:08:Bet Two Amount 2
INFO:audit.example.SomeClass:Audit record with before and after
INFO:audit.Table:2013-12-31 08:51:35:Bet One Amount 1
INFO:audit.Table:2013-12-31 08:51:35:Bet Two Amount 2
INFO:audit.example.SomeClass:Audit record with before and after
INFO:audit.Table:2013-12-31 08:51:53:Bet One Amount 1
INFO:audit.Table:2013-12-31 08:51:53:Bet Two Amount 2
INFO:audit.example.SomeClass:Audit record with before and after
INFO:audit.Table:2013-12-31 08:52:55:Bet One Amount 1
INFO:audit.Table:2013-12-31 08:52:55:Bet Two Amount 2
INFO:audit.example.SomeClass:Audit record with before and after
INFO:audit.Table:2013-12-31 08:53:03:Bet One Amount 1
INFO:audit.Table:2013-12-31 08:53:03:Bet Two Amount 2
INFO:audit.example.SomeClass:Audit record with before and after
INFO:audit.Table:2013-12-31 08:53:35:Bet One Amount 1
INFO:audit.Table:2013-12-31 08:53:35:Bet Two Amount 2
INFO:audit.example.SomeClass:Audit record with before and after
INFO:audit.example.SomeClass:Audit record with before and after
INFO:audit.example.SomeClass:Audit record with before and after
INFO:audit.example.SomeClass:Audit record with before and after
INFO:audit.example.SomeClass:Audit record with before and after
INFO:audit.example.SomeClass:Audit record with before and after
INFO:audit.example.SomeClass:Audit record with before and after
INFO:audit.example.SomeClass:Audit record with before and after
INFO:audit.example.SomeClass:Audit record with before and after
INFO:audit.example.SomeClass:Audit record with before and after
INFO:audit.example.SomeClass:Audit record with before and after
INFO:audit.example.SomeClass:Audit record with before and after
INFO:audit.example.SomeClass:Audit record with before and after
INFO:audit.example.SomeClass:Audit record with before and after
INFO:audit.example.SomeClass:Audit record with before and after
INFO:audit.example.SomeClass:Audit record with before and after
INFO:audit.example.SomeClass:Audit record with before and after
INFO:audit.example.SomeClass:Audit record with before and after
INFO:audit.example.SomeClass:Audit record with before and after
INFO:audit.example.SomeClass:Audit record with before and after
INFO:audit.example.SomeClass:Audit record with before and after
INFO:audit.example.SomeClass:Audit record with before and after
INFO:audit.example.SomeClass:Audit record with before and after
INFO:audit.example.SomeClass:Audit record with before and after
INFO:audit.example.SomeClass:Audit record with before and after
INFO:audit.example.SomeClass:Audit record with before and after
INFO:audit.example.SomeClass:Audit record with before and after
INFO:audit.example.SomeClass:Audit record with before and after
INFO:audit.example.SomeClass:Audit record with before and after
INFO:audit.example.SomeClass:Audit record with before and after
INFO:audit.example.SomeClass:Audit record with before and after
INFO:audit.example.SomeClass:Audit record with before and after
INFO:audit.example.SomeClass:Audit record with before and after
INFO:audit.example.SomeClass:Audit record with before and after
INFO:audit.example.SomeClass:Audit record with before and after
INFO:audit.example.SomeClass:Audit record with before and after
INFO:audit.example.SomeClass:Audit record with before and after
INFO:audit.example.SomeClass:Audit record with before and after
INFO:audit.example.SomeClass:Audit record with before and after
INFO:audit.example.SomeClass:Audit record with before and after
INFO:audit.example.SomeClass:Audit record with before and after
INFO:audit.example.SomeClass:Audit record with before and after
